<?xml version="1.0" encoding="UTF-8"?>
<!-- Generated by org.testng.reporters.JUnitReportReporter -->
<testsuite hostname="family" name="wbl.MobileAutomationAppium.YelpApp" tests="1" failures="0" timestamp="1 Oct 2016 16:15:08 GMT" time="28.464" errors="0">
  <testcase name="loginPageTest" time="28.464" classname="wbl.MobileAutomationAppium.YelpApp"/>
</testsuite> <!-- wbl.MobileAutomationAppium.YelpApp -->
